<<<<<<< HEAD
﻿  Main.cpp
c:\users\godbl\onedrive\documents\github\accountapp\account.h(26): warning C4200: nonstandard extension used: zero-sized array in struct/union
  c:\users\godbl\onedrive\documents\github\accountapp\account.h(26): note: This member will be ignored by a defaulted constructor or copy/move assignment operator
  account.cpp
c:\users\godbl\onedrive\documents\github\accountapp\account.h(26): warning C4200: nonstandard extension used: zero-sized array in struct/union
  c:\users\godbl\onedrive\documents\github\accountapp\account.h(26): note: This member will be ignored by a defaulted constructor or copy/move assignment operator
=======
<<<<<<< HEAD
﻿  Main.cpp
c:\users\austinnoyes\documents\github\accountapp\account.h(25): warning C4200: nonstandard extension used: zero-sized array in struct/union
  c:\users\austinnoyes\documents\github\accountapp\account.h(25): note: This member will be ignored by a defaulted constructor or copy/move assignment operator
  Generating code
  6 of 17 functions (35.3%) were compiled, the rest were copied from previous compilation.
    0 functions were new in current compilation
    0 functions had inline decision re-evaluated but remain unchanged
  Finished generating code
  JacobProject.vcxproj -> C:\Users\austinnoyes\Documents\GitHub\AccountApp\Release\JacobProject.exe
  JacobProject.vcxproj -> C:\Users\austinnoyes\Documents\GitHub\AccountApp\Release\JacobProject.pdb (Full PDB)
=======
﻿  account.cpp
c:\users\jacob\documents\github\accountapp\account.h(25): warning C4200: nonstandard extension used: zero-sized array in struct/union
  c:\users\jacob\documents\github\accountapp\account.h(25): note: This member will be ignored by a defaulted constructor or copy/move assignment operator
  Main.cpp
c:\users\jacob\documents\github\accountapp\account.h(25): warning C4200: nonstandard extension used: zero-sized array in struct/union
  c:\users\jacob\documents\github\accountapp\account.h(25): note: This member will be ignored by a defaulted constructor or copy/move assignment operator
>>>>>>> origin/master
  Generating code
  2 of 18 functions (11.1%) were compiled, the rest were copied from previous compilation.
    0 functions were new in current compilation
    7 functions had inline decision re-evaluated but remain unchanged
  Finished generating code
<<<<<<< HEAD
  JacobProject.vcxproj -> C:\Users\godbl\OneDrive\Documents\GitHub\AccountApp\Release\JacobProject.exe
  JacobProject.vcxproj -> C:\Users\godbl\OneDrive\Documents\GitHub\AccountApp\Release\JacobProject.pdb (Full PDB)
=======
  JacobProject.vcxproj -> C:\Users\Jacob\Documents\GitHub\AccountApp\Release\JacobProject.exe
  JacobProject.vcxproj -> C:\Users\Jacob\Documents\GitHub\AccountApp\Release\JacobProject.pdb (Full PDB)
>>>>>>> origin/master
>>>>>>> origin/master
